# JRE version: OpenJDK Runtime Environment (11.0.10) (build 11.0.10+0-b96-7249189)
# Java VM: OpenJDK 64-Bit Server VM (11.0.10+0-b96-7249189, mixed mode, tiered, compressed oops, g1 gc, windows-amd64)
Heap:
 garbage-first heap   total 236544K, used 100367K [0x0000000080000000, 0x0000000100000000)
  region size 1024K, 9 young (9216K), 6 survivors (6144K)
 Metaspace       used 114445K, capacity 117498K, committed 117664K, reserved 1150976K
  class space    used 14679K, capacity 15829K, committed 15896K, reserved 1048576K
GC Heap History (20 events):
Event: 22.345 GC heap before
{Heap before GC invocations=16 (full 0):
 garbage-first heap   total 236544K, used 168348K [0x0000000080000000, 0x0000000100000000)
  region size 1024K, 115 young (117760K), 12 survivors (12288K)
 Metaspace       used 89790K, capacity 92070K, committed 92108K, reserved 1128448K
  class space    used 11611K, capacity 12464K, committed 12492K, reserved 1048576K
}
Event: 22.374 GC heap after
{Heap after GC invocations=17 (full 0):
 garbage-first heap   total 236544K, used 68560K [0x0000000080000000, 0x0000000100000000)
  region size 1024K, 11 young (11264K), 11 survivors (11264K)
 Metaspace       used 89790K, capacity 92070K, committed 92108K, reserved 1128448K
  class space    used 11611K, capacity 12464K, committed 12492K, reserved 1048576K
}
Event: 24.385 GC heap before
{Heap before GC invocations=17 (full 0):
 garbage-first heap   total 236544K, used 185296K [0x0000000080000000, 0x0000000100000000)
  region size 1024K, 116 young (118784K), 11 survivors (11264K)
 Metaspace       used 100219K, capacity 102844K, committed 103116K, reserved 1138688K
  class space    used 13258K, capacity 14234K, committed 14284K, reserved 1048576K
}
Event: 24.457 GC heap after
{Heap after GC invocations=18 (full 0):
 garbage-first heap   total 236544K, used 89088K [0x0000000080000000, 0x0000000100000000)
  region size 1024K, 15 young (15360K), 15 survivors (15360K)
 Metaspace       used 100219K, capacity 102844K, committed 103116K, reserved 1138688K
  class space    used 13258K, capacity 14234K, committed 14284K, reserved 1048576K
}
Event: 24.667 GC heap before
{Heap before GC invocations=18 (full 0):
 garbage-first heap   total 236544K, used 95232K [0x0000000080000000, 0x0000000100000000)
  region size 1024K, 22 young (22528K), 15 survivors (15360K)
 Metaspace       used 101113K, capacity 103877K, committed 104140K, reserved 1138688K
  class space    used 13384K, capacity 14429K, committed 14540K, reserved 1048576K
}
Event: 24.720 GC heap after
{Heap after GC invocations=19 (full 0):
 garbage-first heap   total 236544K, used 91648K [0x0000000080000000, 0x0000000100000000)
  region size 1024K, 2 young (2048K), 2 survivors (2048K)
 Metaspace       used 101113K, capacity 103877K, committed 104140K, reserved 1138688K
  class space    used 13384K, capacity 14429K, committed 14540K, reserved 1048576K
}
Event: 26.025 GC heap before
{Heap before GC invocations=19 (full 0):
 garbage-first heap   total 236544K, used 147968K [0x0000000080000000, 0x0000000100000000)
  region size 1024K, 57 young (58368K), 2 survivors (2048K)
 Metaspace       used 102857K, capacity 105641K, committed 105804K, reserved 1140736K
  class space    used 13504K, capacity 14572K, committed 14668K, reserved 1048576K
}
Event: 26.045 GC heap after
{Heap after GC invocations=20 (full 0):
 garbage-first heap   total 236544K, used 98304K [0x0000000080000000, 0x0000000100000000)
  region size 1024K, 8 young (8192K), 8 survivors (8192K)
 Metaspace       used 102857K, capacity 105641K, committed 105804K, reserved 1140736K
  class space    used 13504K, capacity 14572K, committed 14668K, reserved 1048576K
}
Event: 27.196 GC heap before
{Heap before GC invocations=20 (full 0):
 garbage-first heap   total 236544K, used 157696K [0x0000000080000000, 0x0000000100000000)
  region size 1024K, 64 young (65536K), 8 survivors (8192K)
 Metaspace       used 103572K, capacity 106429K, committed 106572K, reserved 1140736K
  class space    used 13535K, capacity 14620K, committed 14668K, reserved 1048576K
}
Event: 27.213 GC heap after
{Heap after GC invocations=21 (full 0):
 garbage-first heap   total 236544K, used 101812K [0x0000000080000000, 0x0000000100000000)
  region size 1024K, 5 young (5120K), 5 survivors (5120K)
 Metaspace       used 103572K, capacity 106429K, committed 106572K, reserved 1140736K
  class space    used 13535K, capacity 14620K, committed 14668K, reserved 1048576K
}
Event: 28.465 GC heap before
{Heap before GC invocations=21 (full 0):
 garbage-first heap   total 236544K, used 161204K [0x0000000080000000, 0x0000000100000000)
  region size 1024K, 64 young (65536K), 5 survivors (5120K)
 Metaspace       used 106637K, capacity 109528K, committed 109772K, reserved 1144832K
  class space    used 13939K, capacity 15026K, committed 15052K, reserved 1048576K
}
Event: 28.473 GC heap after
{Heap after GC invocations=22 (full 0):
 garbage-first heap   total 236544K, used 97067K [0x0000000080000000, 0x0000000100000000)
  region size 1024K, 3 young (3072K), 3 survivors (3072K)
 Metaspace       used 106637K, capacity 109528K, committed 109772K, reserved 1144832K
  class space    used 13939K, capacity 15026K, committed 15052K, reserved 1048576K
}
Event: 29.809 GC heap before
{Heap before GC invocations=22 (full 0):
 garbage-first heap   total 236544K, used 145195K [0x0000000080000000, 0x0000000100000000)
  region size 1024K, 42 young (43008K), 3 survivors (3072K)
 Metaspace       used 109229K, capacity 112222K, committed 112340K, reserved 1146880K
  class space    used 14248K, capacity 15383K, committed 15436K, reserved 1048576K
}
Event: 29.820 GC heap after
{Heap after GC invocations=23 (full 0):
 garbage-first heap   total 236544K, used 99416K [0x0000000080000000, 0x0000000100000000)
  region size 1024K, 5 young (5120K), 5 survivors (5120K)
 Metaspace       used 109229K, capacity 112222K, committed 112340K, reserved 1146880K
  class space    used 14248K, capacity 15383K, committed 15436K, reserved 1048576K
}
Event: 2362.751 GC heap before
{Heap before GC invocations=24 (full 0):
 garbage-first heap   total 236544K, used 163928K [0x0000000080000000, 0x0000000100000000)
  region size 1024K, 72 young (73728K), 5 survivors (5120K)
 Metaspace       used 109997K, capacity 113024K, committed 113440K, reserved 1146880K
  class space    used 14247K, capacity 15348K, committed 15512K, reserved 1048576K
}
Event: 2362.766 GC heap after
{Heap after GC invocations=25 (full 0):
 garbage-first heap   total 236544K, used 97883K [0x0000000080000000, 0x0000000100000000)
  region size 1024K, 5 young (5120K), 5 survivors (5120K)
 Metaspace       used 109997K, capacity 113024K, committed 113440K, reserved 1146880K
  class space    used 14247K, capacity 15348K, committed 15512K, reserved 1048576K
}
Event: 2362.927 GC heap before
{Heap before GC invocations=25 (full 0):
 garbage-first heap   total 236544K, used 103003K [0x0000000080000000, 0x0000000100000000)
  region size 1024K, 11 young (11264K), 5 survivors (5120K)
 Metaspace       used 110066K, capacity 113057K, committed 113440K, reserved 1146880K
  class space    used 14249K, capacity 15353K, committed 15512K, reserved 1048576K
}
Event: 2362.941 GC heap after
{Heap after GC invocations=26 (full 0):
 garbage-first heap   total 236544K, used 94257K [0x0000000080000000, 0x0000000100000000)
  region size 1024K, 1 young (1024K), 1 survivors (1024K)
 Metaspace       used 110066K, capacity 113057K, committed 113440K, reserved 1146880K
  class space    used 14249K, capacity 15353K, committed 15512K, reserved 1048576K
}
Event: 2368.849 GC heap before
{Heap before GC invocations=26 (full 0):
 garbage-first heap   total 236544K, used 176177K [0x0000000080000000, 0x0000000100000000)
  region size 1024K, 73 young (74752K), 1 survivors (1024K)
 Metaspace       used 114374K, capacity 117434K, committed 117664K, reserved 1150976K
  class space    used 14676K, capacity 15829K, committed 15896K, reserved 1048576K
}
Event: 2368.881 GC heap after
{Heap after GC invocations=27 (full 0):
 garbage-first heap   total 236544K, used 99343K [0x0000000080000000, 0x0000000100000000)
  region size 1024K, 6 young (6144K), 6 survivors (6144K)
 Metaspace       used 114374K, capacity 117434K, committed 117664K, reserved 1150976K
  class space    used 14676K, capacity 15829K, committed 15896K, reserved 1048576K
}

