# JRE version: OpenJDK Runtime Environment (11.0.10) (build 11.0.10+0-b96-7249189)
# Java VM: OpenJDK 64-Bit Server VM (11.0.10+0-b96-7249189, mixed mode, tiered, compressed oops, g1 gc, windows-amd64)
Heap:
 garbage-first heap   total 236544K, used 153492K [0x0000000080000000, 0x0000000100000000)
  region size 1024K, 16 young (16384K), 5 survivors (5120K)
 Metaspace       used 117430K, capacity 120781K, committed 120960K, reserved 1155072K
  class space    used 14908K, capacity 16149K, committed 16256K, reserved 1048576K
GC Heap History (20 events):
Event: 571.903 GC heap before
{Heap before GC invocations=21 (full 0):
 garbage-first heap   total 236544K, used 178123K [0x0000000080000000, 0x0000000100000000)
  region size 1024K, 92 young (94208K), 9 survivors (9216K)
 Metaspace       used 98155K, capacity 101068K, committed 101248K, reserved 1136640K
  class space    used 12613K, capacity 13657K, committed 13696K, reserved 1048576K
}
Event: 571.935 GC heap after
{Heap after GC invocations=22 (full 0):
 garbage-first heap   total 236544K, used 100615K [0x0000000080000000, 0x0000000100000000)
  region size 1024K, 11 young (11264K), 11 survivors (11264K)
 Metaspace       used 98155K, capacity 101068K, committed 101248K, reserved 1136640K
  class space    used 12613K, capacity 13657K, committed 13696K, reserved 1048576K
}
Event: 574.019 GC heap before
{Heap before GC invocations=22 (full 0):
 garbage-first heap   total 236544K, used 191751K [0x0000000080000000, 0x0000000100000000)
  region size 1024K, 93 young (95232K), 11 survivors (11264K)
 Metaspace       used 99457K, capacity 102364K, committed 102656K, reserved 1138688K
  class space    used 12705K, capacity 13775K, committed 13824K, reserved 1048576K
}
Event: 574.052 GC heap after
{Heap after GC invocations=23 (full 0):
 garbage-first heap   total 236544K, used 110798K [0x0000000080000000, 0x0000000100000000)
  region size 1024K, 10 young (10240K), 10 survivors (10240K)
 Metaspace       used 99457K, capacity 102364K, committed 102656K, reserved 1138688K
  class space    used 12705K, capacity 13775K, committed 13824K, reserved 1048576K
}
Event: 576.514 GC heap before
{Heap before GC invocations=23 (full 0):
 garbage-first heap   total 236544K, used 186574K [0x0000000080000000, 0x0000000100000000)
  region size 1024K, 85 young (87040K), 10 survivors (10240K)
 Metaspace       used 105141K, capacity 108075K, committed 108288K, reserved 1142784K
  class space    used 13207K, capacity 14302K, committed 14336K, reserved 1048576K
}
Event: 576.535 GC heap after
{Heap after GC invocations=24 (full 0):
 garbage-first heap   total 236544K, used 112051K [0x0000000080000000, 0x0000000100000000)
  region size 1024K, 2 young (2048K), 2 survivors (2048K)
 Metaspace       used 105141K, capacity 108075K, committed 108288K, reserved 1142784K
  class space    used 13207K, capacity 14302K, committed 14336K, reserved 1048576K
}
Event: 578.257 GC heap before
{Heap before GC invocations=24 (full 0):
 garbage-first heap   total 236544K, used 189875K [0x0000000080000000, 0x0000000100000000)
  region size 1024K, 79 young (80896K), 2 survivors (2048K)
 Metaspace       used 108765K, capacity 111770K, committed 112128K, reserved 1146880K
  class space    used 13633K, capacity 14729K, committed 14848K, reserved 1048576K
}
Event: 578.274 GC heap after
{Heap after GC invocations=25 (full 0):
 garbage-first heap   total 236544K, used 115858K [0x0000000080000000, 0x0000000100000000)
  region size 1024K, 6 young (6144K), 6 survivors (6144K)
 Metaspace       used 108765K, capacity 111770K, committed 112128K, reserved 1146880K
  class space    used 13633K, capacity 14729K, committed 14848K, reserved 1048576K
}
Event: 580.365 GC heap before
{Heap before GC invocations=26 (full 0):
 garbage-first heap   total 236544K, used 192658K [0x0000000080000000, 0x0000000100000000)
  region size 1024K, 81 young (82944K), 6 survivors (6144K)
 Metaspace       used 113059K, capacity 116186K, committed 116480K, reserved 1150976K
  class space    used 14381K, capacity 15531K, committed 15616K, reserved 1048576K
}
Event: 580.406 GC heap after
{Heap after GC invocations=27 (full 0):
 garbage-first heap   total 236544K, used 127492K [0x0000000080000000, 0x0000000100000000)
  region size 1024K, 11 young (11264K), 11 survivors (11264K)
 Metaspace       used 113059K, capacity 116186K, committed 116480K, reserved 1150976K
  class space    used 14381K, capacity 15531K, committed 15616K, reserved 1048576K
}
Event: 580.432 GC heap before
{Heap before GC invocations=27 (full 0):
 garbage-first heap   total 236544K, used 128516K [0x0000000080000000, 0x0000000100000000)
  region size 1024K, 12 young (12288K), 11 survivors (11264K)
 Metaspace       used 113062K, capacity 116186K, committed 116480K, reserved 1150976K
  class space    used 14381K, capacity 15531K, committed 15616K, reserved 1048576K
}
Event: 580.461 GC heap after
{Heap after GC invocations=28 (full 0):
 garbage-first heap   total 236544K, used 128878K [0x0000000080000000, 0x0000000100000000)
  region size 1024K, 2 young (2048K), 2 survivors (2048K)
 Metaspace       used 113062K, capacity 116186K, committed 116480K, reserved 1150976K
  class space    used 14381K, capacity 15531K, committed 15616K, reserved 1048576K
}
Event: 581.033 GC heap before
{Heap before GC invocations=28 (full 0):
 garbage-first heap   total 236544K, used 151406K [0x0000000080000000, 0x0000000100000000)
  region size 1024K, 26 young (26624K), 2 survivors (2048K)
 Metaspace       used 114330K, capacity 117470K, committed 117632K, reserved 1150976K
  class space    used 14540K, capacity 15717K, committed 15744K, reserved 1048576K
}
Event: 581.057 GC heap after
{Heap after GC invocations=29 (full 0):
 garbage-first heap   total 236544K, used 139130K [0x0000000080000000, 0x0000000100000000)
  region size 1024K, 8 young (8192K), 8 survivors (8192K)
 Metaspace       used 114330K, capacity 117470K, committed 117632K, reserved 1150976K
  class space    used 14540K, capacity 15717K, committed 15744K, reserved 1048576K
}
Event: 582.181 GC heap before
{Heap before GC invocations=30 (full 0):
 garbage-first heap   total 236544K, used 184186K [0x0000000080000000, 0x0000000100000000)
  region size 1024K, 53 young (54272K), 8 survivors (8192K)
 Metaspace       used 115916K, capacity 119187K, committed 119424K, reserved 1153024K
  class space    used 14715K, capacity 15908K, committed 16000K, reserved 1048576K
}
Event: 582.213 GC heap after
{Heap after GC invocations=31 (full 0):
 garbage-first heap   total 236544K, used 143741K [0x0000000080000000, 0x0000000100000000)
  region size 1024K, 7 young (7168K), 7 survivors (7168K)
 Metaspace       used 115916K, capacity 119187K, committed 119424K, reserved 1153024K
  class space    used 14715K, capacity 15908K, committed 16000K, reserved 1048576K
}
Event: 582.273 GC heap before
{Heap before GC invocations=31 (full 0):
 garbage-first heap   total 236544K, used 148861K [0x0000000080000000, 0x0000000100000000)
  region size 1024K, 11 young (11264K), 7 survivors (7168K)
 Metaspace       used 115978K, capacity 119187K, committed 119424K, reserved 1153024K
  class space    used 14718K, capacity 15908K, committed 16000K, reserved 1048576K
}
Event: 582.294 GC heap after
{Heap after GC invocations=32 (full 0):
 garbage-first heap   total 236544K, used 140756K [0x0000000080000000, 0x0000000100000000)
  region size 1024K, 1 young (1024K), 1 survivors (1024K)
 Metaspace       used 115978K, capacity 119187K, committed 119424K, reserved 1153024K
  class space    used 14718K, capacity 15908K, committed 16000K, reserved 1048576K
}
Event: 583.098 GC heap before
{Heap before GC invocations=32 (full 0):
 garbage-first heap   total 236544K, used 185812K [0x0000000080000000, 0x0000000100000000)
  region size 1024K, 46 young (47104K), 1 survivors (1024K)
 Metaspace       used 117348K, capacity 120684K, committed 120832K, reserved 1155072K
  class space    used 14894K, capacity 16117K, committed 16128K, reserved 1048576K
}
Event: 583.109 GC heap after
{Heap after GC invocations=33 (full 0):
 garbage-first heap   total 236544K, used 144276K [0x0000000080000000, 0x0000000100000000)
  region size 1024K, 5 young (5120K), 5 survivors (5120K)
 Metaspace       used 117348K, capacity 120684K, committed 120832K, reserved 1155072K
  class space    used 14894K, capacity 16117K, committed 16128K, reserved 1048576K
}

